cl : 명령줄 warning D9025: '/sdl'을(를) '/GS-'(으)로 재정의합니다.
  main.cpp
main.cpp(95): warning C4996: 'sprintf': This function or variable may be unsafe. Consider using sprintf_s instead. To disable deprecation, use _CRT_SECURE_NO_WARNINGS. See online help for details.
  C:\Program Files\Windows Kits\10\Include\10.0.10240.0\ucrt\stdio.h(1769): note: 'sprintf' 선언을 참조하십시오.
main.cpp(96): warning C4996: 'sprintf': This function or variable may be unsafe. Consider using sprintf_s instead. To disable deprecation, use _CRT_SECURE_NO_WARNINGS. See online help for details.
  C:\Program Files\Windows Kits\10\Include\10.0.10240.0\ucrt\stdio.h(1769): note: 'sprintf' 선언을 참조하십시오.
main.cpp(104): warning C4477: 'printf' : 서식 문자열 '%s'에 'char *' 형식의 인수가 필요하지만 variadic 인수 2의 형식이 'TCHAR *'입니다.
  main.cpp(104): note: 서식 문자열에서 '%ls'을(를) 사용하는 것이 좋습니다.
  main.cpp(104): note: 서식 문자열에서 '%lls'을(를) 사용하는 것이 좋습니다.
  main.cpp(104): note: 서식 문자열에서 '%Ls'을(를) 사용하는 것이 좋습니다.
  main.cpp(104): note: 서식 문자열에서 '%ws'을(를) 사용하는 것이 좋습니다.
main.cpp(108): warning C4477: 'printf' : 서식 문자열 '%-32lx'에 'unsigned long' 형식의 인수가 필요하지만 variadic 인수 1의 형식이 'LPVOID'입니다.
main.cpp(116): warning C4477: 'printf' : 서식 문자열 '%s'에 'char *' 형식의 인수가 필요하지만 variadic 인수 2의 형식이 'TCHAR *'입니다.
  main.cpp(116): note: 서식 문자열에서 '%ls'을(를) 사용하는 것이 좋습니다.
  main.cpp(116): note: 서식 문자열에서 '%lls'을(를) 사용하는 것이 좋습니다.
  main.cpp(116): note: 서식 문자열에서 '%Ls'을(를) 사용하는 것이 좋습니다.
  main.cpp(116): note: 서식 문자열에서 '%ws'을(를) 사용하는 것이 좋습니다.
main.cpp(120): warning C4477: 'printf' : 서식 문자열 '%-32lx'에 'unsigned long' 형식의 인수가 필요하지만 variadic 인수 1의 형식이 'LPVOID'입니다.
  코드를 생성하고 있습니다.
  코드를 생성했습니다.
  All 12 functions were compiled because no usable IPDB/IOBJ from previous compilation was found.
  CodeInjection.vcxproj -> C:\Users\saika\Desktop\code_injection-master\Release\CodeInjection.exe
  CodeInjection.vcxproj -> C:\Users\saika\Desktop\code_injection-master\Release\CodeInjection.pdb (Full PDB)
